
> gridtokenx-explorer@0.1.1 dev
> next dev --webpack

   ▲ Next.js 16.0.1 (webpack)
   - Local:        http://localhost:4000
   - Network:      http://172.20.10.2:4000
   - Environments: .env

 ✓ Starting...
[baseline-browser-mapping] The data in this module is over two months old.  To ensure accurate Baseline data, please update: `npm i baseline-browser-mapping@latest -D`
 ✓ Ready in 10.4s
 ○ Compiling / ...
bigint: Failed to load bindings, pure JS will be used (try npm run rebuild?)
 ⨯ ReferenceError: window is not defined
    at eval (webpack-internal:///(rsc)/./app/(shared)/utils/verified-builds.tsx:12:71)
    at <unknown> (rsc)/./app/(shared)/utils/verified-builds.tsx (/Users/chanthawat/Developments/gridtokenx-platform/gridtokenx-explorer/.next/dev/server/app/page.js:693:1)
    at eval (webpack-internal:///(rsc)/./app/(shared)/utils/index.ts:176:75)
    at <unknown> (rsc)/./app/(shared)/utils/index.ts (/Users/chanthawat/Developments/gridtokenx-platform/gridtokenx-explorer/.next/dev/server/app/page.js:440:1)
    at eval (webpack-internal:///(rsc)/./app/(shared)/components/ui/card.tsx:14:75)
    at <unknown> (rsc)/./app/(shared)/components/ui/card.tsx (/Users/chanthawat/Developments/gridtokenx-platform/gridtokenx-explorer/.next/dev/server/app/page.js:220:1)
    at eval (webpack-internal:///(rsc)/./app/(shared)/components/common/ErrorCard.tsx:9:88)
    at <unknown> (rsc)/./app/(shared)/components/common/ErrorCard.tsx (/Users/chanthawat/Developments/gridtokenx-platform/gridtokenx-explorer/.next/dev/server/app/page.js:187:1)
    at eval (webpack-internal:///(rsc)/./app/not-found.tsx:8:97)
    at <unknown> (rsc)/./app/not-found.tsx (/Users/chanthawat/Developments/gridtokenx-platform/gridtokenx-explorer/.next/dev/server/app/page.js:814:1)
 ⨯ ReferenceError: window is not defined
    at eval (webpack-internal:///(rsc)/./app/(shared)/utils/verified-builds.tsx:12:71)
    at <unknown> (rsc)/./app/(shared)/utils/verified-builds.tsx (/Users/chanthawat/Developments/gridtokenx-platform/gridtokenx-explorer/.next/dev/server/app/page.js:693:1)
    at eval (webpack-internal:///(rsc)/./app/(shared)/utils/index.ts:176:75)
    at <unknown> (rsc)/./app/(shared)/utils/index.ts (/Users/chanthawat/Developments/gridtokenx-platform/gridtokenx-explorer/.next/dev/server/app/page.js:440:1)
    at eval (webpack-internal:///(rsc)/./app/(shared)/components/ui/card.tsx:14:75)
    at <unknown> (rsc)/./app/(shared)/components/ui/card.tsx (/Users/chanthawat/Developments/gridtokenx-platform/gridtokenx-explorer/.next/dev/server/app/page.js:220:1)
    at eval (webpack-internal:///(rsc)/./app/(shared)/components/common/ErrorCard.tsx:9:88)
    at <unknown> (rsc)/./app/(shared)/components/common/ErrorCard.tsx (/Users/chanthawat/Developments/gridtokenx-platform/gridtokenx-explorer/.next/dev/server/app/page.js:187:1)
    at eval (webpack-internal:///(rsc)/./app/not-found.tsx:8:97)
    at <unknown> (rsc)/./app/not-found.tsx (/Users/chanthawat/Developments/gridtokenx-platform/gridtokenx-explorer/.next/dev/server/app/page.js:814:1) {
  page: '/'
}
 ○ Compiling /_error ...
 GET / 500 in 20.7s (compile: 20.6s, render: 96ms)
bigint: Failed to load bindings, pure JS will be used (try npm run rebuild?)
bigint: Failed to load bindings, pure JS will be used (try npm run rebuild?)
(node:18202) Warning: `--localstorage-file` was provided without a valid path
(Use `node --trace-warnings ...` to show where the warning was created)
 GET / 200 in 4.1s (compile: 1405ms, render: 2.7s)
 GET / 200 in 187ms (compile: 14ms, render: 173ms)
 GET / 200 in 81ms (compile: 9ms, render: 72ms)
